#
# There is insufficient memory for the Java Runtime Environment to continue.
# Native memory allocation (malloc) failed to allocate 32744 bytes for ChunkPool::allocate
# Possible reasons:
#   The system is out of physical RAM or swap space
#   The process is running with CompressedOops enabled, and the Java Heap may be blocking the growth of the native heap
# Possible solutions:
#   Reduce memory load on the system
#   Increase physical memory or swap space
#   Check if swap backing store is full
#   Decrease Java heap size (-Xmx/-Xms)
#   Decrease number of Java threads
#   Decrease Java thread stack sizes (-Xss)
#   Set larger code cache with -XX:ReservedCodeCacheSize=
#   JVM is running with Unscaled Compressed Oops mode in which the Java heap is
#     placed in the first 4GB address space. The Java Heap base address is the
#     maximum limit for the native heap growth. Please use -XX:HeapBaseMinAddress
#     to set the Java Heap base and to place the Java Heap above 4GB virtual address.
# This output file may be truncated or incomplete.
#
#  Out of Memory Error (t:/workspace/open/src/hotspot/share/memory/arena.cpp:81), pid=12564, tid=8520
#
# JRE version: Java(TM) SE Runtime Environment (12.0.1+12) (build 12.0.1+12)
# Java VM: Java HotSpot(TM) 64-Bit Server VM (12.0.1+12, mixed mode, sharing, tiered, compressed oops, g1 gc, windows-amd64)
# No core dump will be written. Minidumps are not enabled by default on client versions of Windows
#

---------------  S U M M A R Y ------------

Command Line: --module-path=lib\javafx-sdk-11.0.2\lib --add-modules=javafx.controls,javafx.fxml App

Host: Intel(R) Core(TM) i3-2350M CPU @ 2.30GHz, 4 cores, 7G,  Windows 10 , 64 bit Build 19041 (10.0.19041.1202)
Time: Wed Jul  6 04:31:25 2022 Hora est. Pacífico, Sudamérica elapsed time: 0 seconds (0d 0h 0m 0s)

---------------  T H R E A D  ---------------

Current thread (0x0000027ffb464000):  JavaThread "main" [_thread_in_vm, id=8520, stack(0x00000094e7900000,0x00000094e7a00000)]

Stack: [0x00000094e7900000,0x00000094e7a00000]
Native frames: (J=compiled Java code, j=interpreted, Vv=VM code, C=native code)
V  [jvm.dll+0x63948a]
V  [jvm.dll+0x78b31f]
V  [jvm.dll+0x78c9c1]
V  [jvm.dll+0x78d013]
V  [jvm.dll+0x262138]
V  [jvm.dll+0xc5a56]
V  [jvm.dll+0xc5dac]
V  [jvm.dll+0xbe40d]
V  [jvm.dll+0x25dc5f]
V  [jvm.dll+0x388ad9]
V  [jvm.dll+0x7154d7]
V  [jvm.dll+0x715043]
V  [jvm.dll+0x7164ec]
V  [jvm.dll+0x716cc8]
V  [jvm.dll+0x1dfd68]
V  [jvm.dll+0x1e2779]
V  [jvm.dll+0x1d7907]
V  [jvm.dll+0x519b75]
V  [jvm.dll+0x1e8ebe]
V  [jvm.dll+0x7150ce]
V  [jvm.dll+0x7164ec]
V  [jvm.dll+0x7169ed]
V  [jvm.dll+0x716833]
V  [jvm.dll+0x25b6a8]
V  [jvm.dll+0x25b8e2]
V  [jvm.dll+0x5347c8]
V  [jvm.dll+0x537397]
V  [jvm.dll+0x3975bb]
V  [jvm.dll+0x396c83]
C  0x0000027f8834e3ce

Java frames: (J=compiled Java code, j=interpreted, Vv=VM code)
j  jdk.internal.module.ModuleBootstrap.finderFor(Ljava/lang/String;)Ljava/lang/module/ModuleFinder;+79 java.base
j  jdk.internal.module.ModuleBootstrap.boot()Ljava/lang/ModuleLayer;+12 java.base
j  java.lang.System.initPhase2(ZZ)I+0 java.base
v  ~StubRoutines::call_stub

---------------  P R O C E S S  ---------------

Threads class SMR info:
_java_thread_list=0x0000027ffeba8da0, length=8, elements={
0x0000027ffb464000, 0x0000027ffeb8a000, 0x0000027ffeb8b800, 0x0000027ffeba4800,
0x0000027ffeba5800, 0x0000027ffebaa000, 0x0000027ffebb6000, 0x0000027ffebbb000
}

Java Threads: ( => current thread )
=>0x0000027ffb464000 JavaThread "main" [_thread_in_vm, id=8520, stack(0x00000094e7900000,0x00000094e7a00000)]
  0x0000027ffeb8a000 JavaThread "Reference Handler" daemon [_thread_blocked, id=6848, stack(0x00000094e8000000,0x00000094e8100000)]
  0x0000027ffeb8b800 JavaThread "Finalizer" daemon [_thread_blocked, id=20152, stack(0x00000094e8100000,0x00000094e8200000)]
  0x0000027ffeba4800 JavaThread "Signal Dispatcher" daemon [_thread_blocked, id=240, stack(0x00000094e8200000,0x00000094e8300000)]
  0x0000027ffeba5800 JavaThread "Attach Listener" daemon [_thread_blocked, id=16928, stack(0x00000094e8300000,0x00000094e8400000)]
  0x0000027ffebaa000 JavaThread "C2 CompilerThread0" daemon [_thread_blocked, id=18160, stack(0x00000094e8400000,0x00000094e8500000)]
  0x0000027ffebb6000 JavaThread "C1 CompilerThread0" daemon [_thread_blocked, id=6876, stack(0x00000094e8500000,0x00000094e8600000)]
  0x0000027ffebbb000 JavaThread "Sweeper thread" daemon [_thread_blocked, id=14288, stack(0x00000094e8600000,0x00000094e8700000)]

Other Threads:
  0x0000027ffeb86800 VMThread "VM Thread" [stack: 0x00000094e7f00000,0x00000094e8000000] [id=10044]
  0x0000027ffb4a0000 GCTaskThread "GC Thread#0" [stack: 0x00000094e7a00000,0x00000094e7b00000] [id=14928]
  0x0000027ffb4ad800 ConcurrentGCThread "G1 Main Marker" [stack: 0x00000094e7b00000,0x00000094e7c00000] [id=13924]
  0x0000027ffb4b3800 ConcurrentGCThread "G1 Conc#0" [stack: 0x00000094e7c00000,0x00000094e7d00000] [id=19432]
  0x0000027ffb534800 ConcurrentGCThread "G1 Refine#0" [stack: 0x00000094e7d00000,0x00000094e7e00000] [id=13396]
  0x0000027ffb535800 ConcurrentGCThread "G1 Young RemSet Sampling" [stack: 0x00000094e7e00000,0x00000094e7f00000] [id=19728]

Threads with active compile tasks:

VM state:not at safepoint (normal execution)

VM Mutex/Monitor currently owned by a thread: None

Heap address: 0x0000000086600000, size: 1946 MB, Compressed Oops mode: 32-bit
Narrow klass base: 0x0000000800000000, Narrow klass shift: 3
Compressed class space size: 1073741824 Address: 0x00000008011a0000

Heap:
 garbage-first heap   total 124928K, used 0K [0x0000000086600000, 0x0000000100000000)
  region size 1024K, 1 young (1024K), 0 survivors (0K)
 Metaspace       used 73K, capacity 464K, committed 640K, reserved 1060864K
  class space    used 5K, capacity 384K, committed 384K, reserved 1048576K
Heap Regions: E=young(eden), S=young(survivor), O=old, HS=humongous(starts), HC=humongous(continues), CS=collection set, F=free, A=archive, TAMS=top-at-mark-start (previous, next)
|   0|0x0000000086600000, 0x0000000086600000, 0x0000000086700000|  0%| F|  |TAMS 0x0000000086600000, 0x0000000086600000| Untracked 
|   1|0x0000000086700000, 0x0000000086700000, 0x0000000086800000|  0%| F|  |TAMS 0x0000000086700000, 0x0000000086700000| Untracked 
|   2|0x0000000086800000, 0x0000000086800000, 0x0000000086900000|  0%| F|  |TAMS 0x0000000086800000, 0x0000000086800000| Untracked 
|   3|0x0000000086900000, 0x0000000086900000, 0x0000000086a00000|  0%| F|  |TAMS 0x0000000086900000, 0x0000000086900000| Untracked 
|   4|0x0000000086a00000, 0x0000000086a00000, 0x0000000086b00000|  0%| F|  |TAMS 0x0000000086a00000, 0x0000000086a00000| Untracked 
|   5|0x0000000086b00000, 0x0000000086b00000, 0x0000000086c00000|  0%| F|  |TAMS 0x0000000086b00000, 0x0000000086b00000| Untracked 
|   6|0x0000000086c00000, 0x0000000086c00000, 0x0000000086d00000|  0%| F|  |TAMS 0x0000000086c00000, 0x0000000086c00000| Untracked 
|   7|0x0000000086d00000, 0x0000000086d00000, 0x0000000086e00000|  0%| F|  |TAMS 0x0000000086d00000, 0x0000000086d00000| Untracked 
|   8|0x0000000086e00000, 0x0000000086e00000, 0x0000000086f00000|  0%| F|  |TAMS 0x0000000086e00000, 0x0000000086e00000| Untracked 
|   9|0x0000000086f00000, 0x0000000086f00000, 0x0000000087000000|  0%| F|  |TAMS 0x0000000086f00000, 0x0000000086f00000| Untracked 
|  10|0x0000000087000000, 0x0000000087000000, 0x0000000087100000|  0%| F|  |TAMS 0x0000000087000000, 0x0000000087000000| Untracked 
|  11|0x0000000087100000, 0x0000000087100000, 0x0000000087200000|  0%| F|  |TAMS 0x0000000087100000, 0x0000000087100000| Untracked 
|  12|0x0000000087200000, 0x0000000087200000, 0x0000000087300000|  0%| F|  |TAMS 0x0000000087200000, 0x0000000087200000| Untracked 
|  13|0x0000000087300000, 0x0000000087300000, 0x0000000087400000|  0%| F|  |TAMS 0x0000000087300000, 0x0000000087300000| Untracked 
|  14|0x0000000087400000, 0x0000000087400000, 0x0000000087500000|  0%| F|  |TAMS 0x0000000087400000, 0x0000000087400000| Untracked 
|  15|0x0000000087500000, 0x0000000087500000, 0x0000000087600000|  0%| F|  |TAMS 0x0000000087500000, 0x0000000087500000| Untracked 
|  16|0x0000000087600000, 0x0000000087600000, 0x0000000087700000|  0%| F|  |TAMS 0x0000000087600000, 0x0000000087600000| Untracked 
|  17|0x0000000087700000, 0x0000000087700000, 0x0000000087800000|  0%| F|  |TAMS 0x0000000087700000, 0x0000000087700000| Untracked 
|  18|0x0000000087800000, 0x0000000087800000, 0x0000000087900000|  0%| F|  |TAMS 0x0000000087800000, 0x0000000087800000| Untracked 
|  19|0x0000000087900000, 0x0000000087900000, 0x0000000087a00000|  0%| F|  |TAMS 0x0000000087900000, 0x0000000087900000| Untracked 
|  20|0x0000000087a00000, 0x0000000087a00000, 0x0000000087b00000|  0%| F|  |TAMS 0x0000000087a00000, 0x0000000087a00000| Untracked 
|  21|0x0000000087b00000, 0x0000000087b00000, 0x0000000087c00000|  0%| F|  |TAMS 0x0000000087b00000, 0x0000000087b00000| Untracked 
|  22|0x0000000087c00000, 0x0000000087c00000, 0x0000000087d00000|  0%| F|  |TAMS 0x0000000087c00000, 0x0000000087c00000| Untracked 
|  23|0x0000000087d00000, 0x0000000087d00000, 0x0000000087e00000|  0%| F|  |TAMS 0x0000000087d00000, 0x0000000087d00000| Untracked 
|  24|0x0000000087e00000, 0x0000000087e00000, 0x0000000087f00000|  0%| F|  |TAMS 0x0000000087e00000, 0x0000000087e00000| Untracked 
|  25|0x0000000087f00000, 0x0000000087f00000, 0x0000000088000000|  0%| F|  |TAMS 0x0000000087f00000, 0x0000000087f00000| Untracked 
|  26|0x0000000088000000, 0x0000000088000000, 0x0000000088100000|  0%| F|  |TAMS 0x0000000088000000, 0x0000000088000000| Untracked 
|  27|0x0000000088100000, 0x0000000088100000, 0x0000000088200000|  0%| F|  |TAMS 0x0000000088100000, 0x0000000088100000| Untracked 
|  28|0x0000000088200000, 0x0000000088200000, 0x0000000088300000|  0%| F|  |TAMS 0x0000000088200000, 0x0000000088200000| Untracked 
|  29|0x0000000088300000, 0x0000000088300000, 0x0000000088400000|  0%| F|  |TAMS 0x0000000088300000, 0x0000000088300000| Untracked 
|  30|0x0000000088400000, 0x0000000088400000, 0x0000000088500000|  0%| F|  |TAMS 0x0000000088400000, 0x0000000088400000| Untracked 
|  31|0x0000000088500000, 0x0000000088500000, 0x0000000088600000|  0%| F|  |TAMS 0x0000000088500000, 0x0000000088500000| Untracked 
|  32|0x0000000088600000, 0x0000000088600000, 0x0000000088700000|  0%| F|  |TAMS 0x0000000088600000, 0x0000000088600000| Untracked 
|  33|0x0000000088700000, 0x0000000088700000, 0x0000000088800000|  0%| F|  |TAMS 0x0000000088700000, 0x0000000088700000| Untracked 
|  34|0x0000000088800000, 0x0000000088800000, 0x0000000088900000|  0%| F|  |TAMS 0x0000000088800000, 0x0000000088800000| Untracked 
|  35|0x0000000088900000, 0x0000000088900000, 0x0000000088a00000|  0%| F|  |TAMS 0x0000000088900000, 0x0000000088900000| Untracked 
|  36|0x0000000088a00000, 0x0000000088a00000, 0x0000000088b00000|  0%| F|  |TAMS 0x0000000088a00000, 0x0000000088a00000| Untracked 
|  37|0x0000000088b00000, 0x0000000088b00000, 0x0000000088c00000|  0%| F|  |TAMS 0x0000000088b00000, 0x0000000088b00000| Untracked 
|  38|0x0000000088c00000, 0x0000000088c00000, 0x0000000088d00000|  0%| F|  |TAMS 0x0000000088c00000, 0x0000000088c00000| Untracked 
|  39|0x0000000088d00000, 0x0000000088d00000, 0x0000000088e00000|  0%| F|  |TAMS 0x0000000088d00000, 0x0000000088d00000| Untracked 
|  40|0x0000000088e00000, 0x0000000088e00000, 0x0000000088f00000|  0%| F|  |TAMS 0x0000000088e00000, 0x0000000088e00000| Untracked 
|  41|0x0000000088f00000, 0x0000000088f00000, 0x0000000089000000|  0%| F|  |TAMS 0x0000000088f00000, 0x0000000088f00000| Untracked 
|  42|0x0000000089000000, 0x0000000089000000, 0x0000000089100000|  0%| F|  |TAMS 0x0000000089000000, 0x0000000089000000| Untracked 
|  43|0x0000000089100000, 0x0000000089100000, 0x0000000089200000|  0%| F|  |TAMS 0x0000000089100000, 0x0000000089100000| Untracked 
|  44|0x0000000089200000, 0x0000000089200000, 0x0000000089300000|  0%| F|  |TAMS 0x0000000089200000, 0x0000000089200000| Untracked 
|  45|0x0000000089300000, 0x0000000089300000, 0x0000000089400000|  0%| F|  |TAMS 0x0000000089300000, 0x0000000089300000| Untracked 
|  46|0x0000000089400000, 0x0000000089400000, 0x0000000089500000|  0%| F|  |TAMS 0x0000000089400000, 0x0000000089400000| Untracked 
|  47|0x0000000089500000, 0x0000000089500000, 0x0000000089600000|  0%| F|  |TAMS 0x0000000089500000, 0x0000000089500000| Untracked 
|  48|0x0000000089600000, 0x0000000089600000, 0x0000000089700000|  0%| F|  |TAMS 0x0000000089600000, 0x0000000089600000| Untracked 
|  49|0x0000000089700000, 0x0000000089700000, 0x0000000089800000|  0%| F|  |TAMS 0x0000000089700000, 0x0000000089700000| Untracked 
|  50|0x0000000089800000, 0x0000000089800000, 0x0000000089900000|  0%| F|  |TAMS 0x0000000089800000, 0x0000000089800000| Untracked 
|  51|0x0000000089900000, 0x0000000089900000, 0x0000000089a00000|  0%| F|  |TAMS 0x0000000089900000, 0x0000000089900000| Untracked 
|  52|0x0000000089a00000, 0x0000000089a00000, 0x0000000089b00000|  0%| F|  |TAMS 0x0000000089a00000, 0x0000000089a00000| Untracked 
|  53|0x0000000089b00000, 0x0000000089b00000, 0x0000000089c00000|  0%| F|  |TAMS 0x0000000089b00000, 0x0000000089b00000| Untracked 
|  54|0x0000000089c00000, 0x0000000089c00000, 0x0000000089d00000|  0%| F|  |TAMS 0x0000000089c00000, 0x0000000089c00000| Untracked 
|  55|0x0000000089d00000, 0x0000000089d00000, 0x0000000089e00000|  0%| F|  |TAMS 0x0000000089d00000, 0x0000000089d00000| Untracked 
|  56|0x0000000089e00000, 0x0000000089e00000, 0x0000000089f00000|  0%| F|  |TAMS 0x0000000089e00000, 0x0000000089e00000| Untracked 
|  57|0x0000000089f00000, 0x0000000089f00000, 0x000000008a000000|  0%| F|  |TAMS 0x0000000089f00000, 0x0000000089f00000| Untracked 
|  58|0x000000008a000000, 0x000000008a000000, 0x000000008a100000|  0%| F|  |TAMS 0x000000008a000000, 0x000000008a000000| Untracked 
|  59|0x000000008a100000, 0x000000008a100000, 0x000000008a200000|  0%| F|  |TAMS 0x000000008a100000, 0x000000008a100000| Untracked 
|  60|0x000000008a200000, 0x000000008a200000, 0x000000008a300000|  0%| F|  |TAMS 0x000000008a200000, 0x000000008a200000| Untracked 
|  61|0x000000008a300000, 0x000000008a300000, 0x000000008a400000|  0%| F|  |TAMS 0x000000008a300000, 0x000000008a300000| Untracked 
|  62|0x000000008a400000, 0x000000008a400000, 0x000000008a500000|  0%| F|  |TAMS 0x000000008a400000, 0x000000008a400000| Untracked 
|  63|0x000000008a500000, 0x000000008a500000, 0x000000008a600000|  0%| F|  |TAMS 0x000000008a500000, 0x000000008a500000| Untracked 
|  64|0x000000008a600000, 0x000000008a600000, 0x000000008a700000|  0%| F|  |TAMS 0x000000008a600000, 0x000000008a600000| Untracked 
|  65|0x000000008a700000, 0x000000008a700000, 0x000000008a800000|  0%| F|  |TAMS 0x000000008a700000, 0x000000008a700000| Untracked 
|  66|0x000000008a800000, 0x000000008a800000, 0x000000008a900000|  0%| F|  |TAMS 0x000000008a800000, 0x000000008a800000| Untracked 
|  67|0x000000008a900000, 0x000000008a900000, 0x000000008aa00000|  0%| F|  |TAMS 0x000000008a900000, 0x000000008a900000| Untracked 
|  68|0x000000008aa00000, 0x000000008aa00000, 0x000000008ab00000|  0%| F|  |TAMS 0x000000008aa00000, 0x000000008aa00000| Untracked 
|  69|0x000000008ab00000, 0x000000008ab00000, 0x000000008ac00000|  0%| F|  |TAMS 0x000000008ab00000, 0x000000008ab00000| Untracked 
|  70|0x000000008ac00000, 0x000000008ac00000, 0x000000008ad00000|  0%| F|  |TAMS 0x000000008ac00000, 0x000000008ac00000| Untracked 
|  71|0x000000008ad00000, 0x000000008ad00000, 0x000000008ae00000|  0%| F|  |TAMS 0x000000008ad00000, 0x000000008ad00000| Untracked 
|  72|0x000000008ae00000, 0x000000008ae00000, 0x000000008af00000|  0%| F|  |TAMS 0x000000008ae00000, 0x000000008ae00000| Untracked 
|  73|0x000000008af00000, 0x000000008af00000, 0x000000008b000000|  0%| F|  |TAMS 0x000000008af00000, 0x000000008af00000| Untracked 
|  74|0x000000008b000000, 0x000000008b000000, 0x000000008b100000|  0%| F|  |TAMS 0x000000008b000000, 0x000000008b000000| Untracked 
|  75|0x000000008b100000, 0x000000008b100000, 0x000000008b200000|  0%| F|  |TAMS 0x000000008b100000, 0x000000008b100000| Untracked 
|  76|0x000000008b200000, 0x000000008b200000, 0x000000008b300000|  0%| F|  |TAMS 0x000000008b200000, 0x000000008b200000| Untracked 
|  77|0x000000008b300000, 0x000000008b300000, 0x000000008b400000|  0%| F|  |TAMS 0x000000008b300000, 0x000000008b300000| Untracked 
|  78|0x000000008b400000, 0x000000008b400000, 0x000000008b500000|  0%| F|  |TAMS 0x000000008b400000, 0x000000008b400000| Untracked 
|  79|0x000000008b500000, 0x000000008b500000, 0x000000008b600000|  0%| F|  |TAMS 0x000000008b500000, 0x000000008b500000| Untracked 
|  80|0x000000008b600000, 0x000000008b600000, 0x000000008b700000|  0%| F|  |TAMS 0x000000008b600000, 0x000000008b600000| Untracked 
|  81|0x000000008b700000, 0x000000008b700000, 0x000000008b800000|  0%| F|  |TAMS 0x000000008b700000, 0x000000008b700000| Untracked 
|  82|0x000000008b800000, 0x000000008b800000, 0x000000008b900000|  0%| F|  |TAMS 0x000000008b800000, 0x000000008b800000| Untracked 
|  83|0x000000008b900000, 0x000000008b900000, 0x000000008ba00000|  0%| F|  |TAMS 0x000000008b900000, 0x000000008b900000| Untracked 
|  84|0x000000008ba00000, 0x000000008ba00000, 0x000000008bb00000|  0%| F|  |TAMS 0x000000008ba00000, 0x000000008ba00000| Untracked 
|  85|0x000000008bb00000, 0x000000008bb00000, 0x000000008bc00000|  0%| F|  |TAMS 0x000000008bb00000, 0x000000008bb00000| Untracked 
|  86|0x000000008bc00000, 0x000000008bc00000, 0x000000008bd00000|  0%| F|  |TAMS 0x000000008bc00000, 0x000000008bc00000| Untracked 
|  87|0x000000008bd00000, 0x000000008bd00000, 0x000000008be00000|  0%| F|  |TAMS 0x000000008bd00000, 0x000000008bd00000| Untracked 
|  88|0x000000008be00000, 0x000000008be00000, 0x000000008bf00000|  0%| F|  |TAMS 0x000000008be00000, 0x000000008be00000| Untracked 
|  89|0x000000008bf00000, 0x000000008bf00000, 0x000000008c000000|  0%| F|  |TAMS 0x000000008bf00000, 0x000000008bf00000| Untracked 
|  90|0x000000008c000000, 0x000000008c000000, 0x000000008c100000|  0%| F|  |TAMS 0x000000008c000000, 0x000000008c000000| Untracked 
|  91|0x000000008c100000, 0x000000008c100000, 0x000000008c200000|  0%| F|  |TAMS 0x000000008c100000, 0x000000008c100000| Untracked 
|  92|0x000000008c200000, 0x000000008c200000, 0x000000008c300000|  0%| F|  |TAMS 0x000000008c200000, 0x000000008c200000| Untracked 
|  93|0x000000008c300000, 0x000000008c300000, 0x000000008c400000|  0%| F|  |TAMS 0x000000008c300000, 0x000000008c300000| Untracked 
|  94|0x000000008c400000, 0x000000008c400000, 0x000000008c500000|  0%| F|  |TAMS 0x000000008c400000, 0x000000008c400000| Untracked 
|  95|0x000000008c500000, 0x000000008c500000, 0x000000008c600000|  0%| F|  |TAMS 0x000000008c500000, 0x000000008c500000| Untracked 
|  96|0x000000008c600000, 0x000000008c600000, 0x000000008c700000|  0%| F|  |TAMS 0x000000008c600000, 0x000000008c600000| Untracked 
|  97|0x000000008c700000, 0x000000008c700000, 0x000000008c800000|  0%| F|  |TAMS 0x000000008c700000, 0x000000008c700000| Untracked 
|  98|0x000000008c800000, 0x000000008c800000, 0x000000008c900000|  0%| F|  |TAMS 0x000000008c800000, 0x000000008c800000| Untracked 
|  99|0x000000008c900000, 0x000000008c900000, 0x000000008ca00000|  0%| F|  |TAMS 0x000000008c900000, 0x000000008c900000| Untracked 
| 100|0x000000008ca00000, 0x000000008ca00000, 0x000000008cb00000|  0%| F|  |TAMS 0x000000008ca00000, 0x000000008ca00000| Untracked 
| 101|0x000000008cb00000, 0x000000008cb00000, 0x000000008cc00000|  0%| F|  |TAMS 0x000000008cb00000, 0x000000008cb00000| Untracked 
| 102|0x000000008cc00000, 0x000000008cc00000, 0x000000008cd00000|  0%| F|  |TAMS 0x000000008cc00000, 0x000000008cc00000| Untracked 
| 103|0x000000008cd00000, 0x000000008cd00000, 0x000000008ce00000|  0%| F|  |TAMS 0x000000008cd00000, 0x000000008cd00000| Untracked 
| 104|0x000000008ce00000, 0x000000008ce00000, 0x000000008cf00000|  0%| F|  |TAMS 0x000000008ce00000, 0x000000008ce00000| Untracked 
| 105|0x000000008cf00000, 0x000000008cf00000, 0x000000008d000000|  0%| F|  |TAMS 0x000000008cf00000, 0x000000008cf00000| Untracked 
| 106|0x000000008d000000, 0x000000008d000000, 0x000000008d100000|  0%| F|  |TAMS 0x000000008d000000, 0x000000008d000000| Untracked 
| 107|0x000000008d100000, 0x000000008d100000, 0x000000008d200000|  0%| F|  |TAMS 0x000000008d100000, 0x000000008d100000| Untracked 
| 108|0x000000008d200000, 0x000000008d200000, 0x000000008d300000|  0%| F|  |TAMS 0x000000008d200000, 0x000000008d200000| Untracked 
| 109|0x000000008d300000, 0x000000008d300000, 0x000000008d400000|  0%| F|  |TAMS 0x000000008d300000, 0x000000008d300000| Untracked 
| 110|0x000000008d400000, 0x000000008d400000, 0x000000008d500000|  0%| F|  |TAMS 0x000000008d400000, 0x000000008d400000| Untracked 
| 111|0x000000008d500000, 0x000000008d500000, 0x000000008d600000|  0%| F|  |TAMS 0x000000008d500000, 0x000000008d500000| Untracked 
| 112|0x000000008d600000, 0x000000008d600000, 0x000000008d700000|  0%| F|  |TAMS 0x000000008d600000, 0x000000008d600000| Untracked 
| 113|0x000000008d700000, 0x000000008d700000, 0x000000008d800000|  0%| F|  |TAMS 0x000000008d700000, 0x000000008d700000| Untracked 
| 114|0x000000008d800000, 0x000000008d800000, 0x000000008d900000|  0%| F|  |TAMS 0x000000008d800000, 0x000000008d800000| Untracked 
| 115|0x000000008d900000, 0x000000008d900000, 0x000000008da00000|  0%| F|  |TAMS 0x000000008d900000, 0x000000008d900000| Untracked 
| 116|0x000000008da00000, 0x000000008da00000, 0x000000008db00000|  0%| F|  |TAMS 0x000000008da00000, 0x000000008da00000| Untracked 
| 117|0x000000008db00000, 0x000000008db00000, 0x000000008dc00000|  0%| F|  |TAMS 0x000000008db00000, 0x000000008db00000| Untracked 
| 118|0x000000008dc00000, 0x000000008dc00000, 0x000000008dd00000|  0%| F|  |TAMS 0x000000008dc00000, 0x000000008dc00000| Untracked 
| 119|0x000000008dd00000, 0x000000008dd00000, 0x000000008de00000|  0%| F|  |TAMS 0x000000008dd00000, 0x000000008dd00000| Untracked 
| 120|0x000000008de00000, 0x000000008de00000, 0x000000008df00000|  0%| F|  |TAMS 0x000000008de00000, 0x000000008de00000| Untracked 
| 121|0x000000008df00000, 0x000000008df47af0, 0x000000008e000000| 28%| E|  |TAMS 0x000000008df00000, 0x000000008df00000| Complete 

Card table byte_map: [0x0000027ffbf70000,0x0000027ffc340000] _byte_map_base: 0x0000027ffbb3d000

Marking Bits (Prev, Next): (CMBitMap*) 0x0000027ffb4a1218, (CMBitMap*) 0x0000027ffb4a1258
 Prev Bits: [0x0000027ffc710000, 0x0000027ffe578000)
 Next Bits: [0x0000027f97330000, 0x0000027f99198000)

Polling page: 0x0000027ffb550000

Metaspace:

Usage:
  Non-class:     80.00 KB capacity,    67.70 KB ( 85%) used,    11.99 KB ( 15%) free+waste,   320 bytes ( <1%) overhead. 
      Class:    384.00 KB capacity,     5.63 KB (  1%) used,   378.30 KB ( 99%) free+waste,    64 bytes ( <1%) overhead. 
       Both:    464.00 KB capacity,    73.33 KB ( 16%) used,   390.30 KB ( 84%) free+waste,   384 bytes ( <1%) overhead. 

Virtual space:
  Non-class space:       12.00 MB reserved,     256.00 KB (  2%) committed 
      Class space:        1.00 GB reserved,     384.00 KB ( <1%) committed 
             Both:        1.01 GB reserved,     640.00 KB ( <1%) committed 

Chunk freelists:
   Non-Class:  6.00 KB
       Class:  0 bytes
        Both:  6.00 KB

CodeHeap 'non-profiled nmethods': size=120064Kb used=0Kb max_used=0Kb free=120064Kb
 bounds [0x0000027f8fdf0000, 0x0000027f90060000, 0x0000027f97330000]
CodeHeap 'profiled nmethods': size=120000Kb used=5Kb max_used=5Kb free=119994Kb
 bounds [0x0000027f888c0000, 0x0000027f88b30000, 0x0000027f8fdf0000]
CodeHeap 'non-nmethods': size=5696Kb used=988Kb max_used=1000Kb free=4707Kb
 bounds [0x0000027f88330000, 0x0000027f885a0000, 0x0000027f888c0000]
 total_blobs=278 nmethods=4 adapters=142
 compilation: enabled
              stopped_count=0, restarted_count=0
 full_count=0

Compilation events (8 events):
Event: 0.055 Thread 0x0000027ffebb6000    1       3       java.lang.Object::<init> (1 bytes)
Event: 0.056 Thread 0x0000027ffebb6000 nmethod 1 0x0000027f888c0010 code [0x0000027f888c01c0, 0x0000027f888c0338]
Event: 0.059 Thread 0x0000027ffebb6000    2       3       java.lang.String::isLatin1 (19 bytes)
Event: 0.059 Thread 0x0000027ffebb6000 nmethod 2 0x0000027f888c0410 code [0x0000027f888c05c0, 0x0000027f888c07b8]
Event: 0.059 Thread 0x0000027ffebb6000    3       3       java.lang.String::charAt (25 bytes)
Event: 0.060 Thread 0x0000027ffebb6000 nmethod 3 0x0000027f888c0890 code [0x0000027f888c0aa0, 0x0000027f888c1040]
Event: 0.061 Thread 0x0000027ffebb6000    4       3       java.lang.StringLatin1::charAt (28 bytes)
Event: 0.061 Thread 0x0000027ffebb6000 nmethod 4 0x0000027f888c1290 code [0x0000027f888c1460, 0x0000027f888c16b0]

GC Heap History (0 events):
No events

Deoptimization events (0 events):
No events

Classes redefined (0 events):
No events

Internal exceptions (0 events):
No events

Events (10 events):
Event: 0.037 Thread 0x0000027ffeb8a000 Thread added: 0x0000027ffeb8a000
Event: 0.038 Thread 0x0000027ffeb8b800 Thread added: 0x0000027ffeb8b800
Event: 0.050 loading class sun/nio/cs/IBM850
Event: 0.050 loading class sun/nio/cs/IBM850 done
Event: 0.053 Thread 0x0000027ffeba4800 Thread added: 0x0000027ffeba4800
Event: 0.053 Thread 0x0000027ffeba5800 Thread added: 0x0000027ffeba5800
Event: 0.053 Thread 0x0000027ffebaa000 Thread added: 0x0000027ffebaa000
Event: 0.054 Thread 0x0000027ffebb6000 Thread added: 0x0000027ffebb6000
Event: 0.054 Thread 0x0000027ffebbb000 Thread added: 0x0000027ffebbb000
Event: 0.059 loading class jdk/internal/module/ModulePath


Dynamic libraries:
0x00007ff70aee0000 - 0x00007ff70aeef000 	C:\Program Files\Java\jdk-12.0.1\bin\java.exe
0x00007ffae05b0000 - 0x00007ffae07a5000 	C:\WINDOWS\SYSTEM32\ntdll.dll
0x00007ffadf750000 - 0x00007ffadf80e000 	C:\WINDOWS\System32\KERNEL32.DLL
0x00007ffadde20000 - 0x00007ffade0e9000 	C:\WINDOWS\System32\KERNELBASE.dll
0x00007ffade4a0000 - 0x00007ffade5a0000 	C:\WINDOWS\System32\ucrtbase.dll
0x00007ffad88c0000 - 0x00007ffad88d6000 	C:\Program Files\Java\jdk-12.0.1\bin\VCRUNTIME140.dll
0x00007ffad7b10000 - 0x00007ffad7b28000 	C:\Program Files\Java\jdk-12.0.1\bin\jli.dll
0x00007ffadfd40000 - 0x00007ffadfdec000 	C:\WINDOWS\System32\ADVAPI32.dll
0x00007ffadfe80000 - 0x00007ffadff1e000 	C:\WINDOWS\System32\msvcrt.dll
0x00007ffade660000 - 0x00007ffade6fb000 	C:\WINDOWS\System32\sechost.dll
0x00007ffadeae0000 - 0x00007ffadec0a000 	C:\WINDOWS\System32\RPCRT4.dll
0x00007ffadf980000 - 0x00007ffadfb21000 	C:\WINDOWS\System32\USER32.dll
0x00007ffade5d0000 - 0x00007ffade5f2000 	C:\WINDOWS\System32\win32u.dll
0x00007ffadf810000 - 0x00007ffadf83b000 	C:\WINDOWS\System32\GDI32.dll
0x00007ffacc240000 - 0x00007ffacc4da000 	C:\WINDOWS\WinSxS\amd64_microsoft.windows.common-controls_6595b64144ccf1df_6.0.19041.1110_none_60b5254171f9507e\COMCTL32.dll
0x00007ffade2e0000 - 0x00007ffade3eb000 	C:\WINDOWS\System32\gdi32full.dll
0x00007ffaddcd0000 - 0x00007ffaddd6d000 	C:\WINDOWS\System32\msvcp_win.dll
0x00007ffac2a50000 - 0x00007ffac2a5a000 	C:\WINDOWS\SYSTEM32\VERSION.dll
0x00007ffadfe50000 - 0x00007ffadfe80000 	C:\WINDOWS\System32\IMM32.DLL
0x00007ffabd2e0000 - 0x00007ffabd38a000 	C:\Program Files\Java\jdk-12.0.1\bin\msvcp140.dll
0x00007ffab33c0000 - 0x00007ffab3f34000 	C:\Program Files\Java\jdk-12.0.1\bin\server\jvm.dll
0x00007ffadf410000 - 0x00007ffadf418000 	C:\WINDOWS\System32\PSAPI.DLL
0x00007ffad8240000 - 0x00007ffad8249000 	C:\WINDOWS\SYSTEM32\WSOCK32.dll
0x00007ffadff40000 - 0x00007ffadffab000 	C:\WINDOWS\System32\WS2_32.dll
0x00007ffacfe00000 - 0x00007ffacfe27000 	C:\WINDOWS\SYSTEM32\WINMM.dll
0x00007ffadc550000 - 0x00007ffadc562000 	C:\WINDOWS\SYSTEM32\kernel.appcore.dll
0x00007ffad4a90000 - 0x00007ffad4aa1000 	C:\Program Files\Java\jdk-12.0.1\bin\verify.dll
0x00007ffad15a0000 - 0x00007ffad1784000 	C:\WINDOWS\SYSTEM32\DBGHELP.DLL
0x00007ffad1570000 - 0x00007ffad159c000 	C:\WINDOWS\SYSTEM32\dbgcore.DLL
0x00007ffade250000 - 0x00007ffade2d3000 	C:\WINDOWS\System32\bcryptPrimitives.dll
0x00007fface1b0000 - 0x00007fface1d6000 	C:\Program Files\Java\jdk-12.0.1\bin\java.dll
0x00007fface120000 - 0x00007fface137000 	C:\Program Files\Java\jdk-12.0.1\bin\zip.dll
0x00007ffad8540000 - 0x00007ffad854a000 	C:\Program Files\Java\jdk-12.0.1\bin\jimage.dll
0x00007ffadec10000 - 0x00007ffadf34f000 	C:\WINDOWS\System32\SHELL32.dll
0x00007ffadbc00000 - 0x00007ffadc390000 	C:\WINDOWS\SYSTEM32\windows.storage.dll
0x00007ffade700000 - 0x00007ffadea55000 	C:\WINDOWS\System32\combase.dll
0x00007ffadd720000 - 0x00007ffadd74c000 	C:\WINDOWS\SYSTEM32\Wldp.dll
0x00007ffadf360000 - 0x00007ffadf40e000 	C:\WINDOWS\System32\SHCORE.dll
0x00007ffadfdf0000 - 0x00007ffadfe45000 	C:\WINDOWS\System32\shlwapi.dll
0x00007ffaddc10000 - 0x00007ffaddc2f000 	C:\WINDOWS\SYSTEM32\profapi.dll

dbghelp: loaded successfully - version: 4.0.5 - missing functions: none
symbol engine: initialized successfully - sym options: 0x614 - pdb path: .;C:\Program Files\Java\jdk-12.0.1\bin;C:\WINDOWS\SYSTEM32;C:\WINDOWS\WinSxS\amd64_microsoft.windows.common-controls_6595b64144ccf1df_6.0.19041.1110_none_60b5254171f9507e;C:\Program Files\Java\jdk-12.0.1\bin\server

VM Arguments:
jvm_args: --module-path=lib\javafx-sdk-11.0.2\lib --add-modules=javafx.controls,javafx.fxml 
java_command: App
java_class_path (initial): E:\Proyecto_Kangu\kangu\bin;e:\Proyecto_Kangu\kangu\lib\javafx-sdk-11.0.2\lib\javafx.controls.jar;e:\Proyecto_Kangu\kangu\lib\javafx-sdk-11.0.2\lib\javafx.swing.jar;e:\Proyecto_Kangu\kangu\lib\javafx-sdk-11.0.2\lib\javafx.media.jar;e:\Proyecto_Kangu\kangu\lib\javafx-sdk-11.0.2\lib\javafx.fxml.jar;e:\Proyecto_Kangu\kangu\lib\commons-codec-20041127.091804.jar;e:\Proyecto_Kangu\kangu\lib\javafx-sdk-11.0.2\lib\javafx.web.jar;e:\Proyecto_Kangu\kangu\lib\javafx-sdk-11.0.2\lib\javafx-swt.jar;e:\Proyecto_Kangu\kangu\lib\javafx-sdk-11.0.2\lib\javafx.base.jar;e:\Proyecto_Kangu\kangu\lib\javafx-sdk-11.0.2\lib\javafx.graphics.jar;e:\Proyecto_Kangu\kangu\lib\mysql-connector-java-5.1.49-bin.jar
Launcher Type: SUN_STANDARD

[Global flags]
     intx CICompilerCount                          = 3                                         {product} {ergonomic}
     uint ConcGCThreads                            = 1                                         {product} {ergonomic}
     uint G1ConcRefinementThreads                  = 4                                         {product} {ergonomic}
   size_t G1HeapRegionSize                         = 1048576                                   {product} {ergonomic}
    uintx GCDrainStackTargetSize                   = 64                                        {product} {ergonomic}
   size_t InitialHeapSize                          = 127926272                                 {product} {ergonomic}
   size_t MarkStackSize                            = 4194304                                   {product} {ergonomic}
   size_t MaxHeapSize                              = 2040528896                                {product} {ergonomic}
   size_t MaxNewSize                               = 1223688192                                {product} {ergonomic}
   size_t MinHeapDeltaBytes                        = 1048576                                   {product} {ergonomic}
    uintx NonNMethodCodeHeapSize                   = 5830732                                {pd product} {ergonomic}
    uintx NonProfiledCodeHeapSize                  = 122913754                              {pd product} {ergonomic}
    uintx ProfiledCodeHeapSize                     = 122913754                              {pd product} {ergonomic}
    uintx ReservedCodeCacheSize                    = 251658240                              {pd product} {ergonomic}
     bool SegmentedCodeCache                       = true                                      {product} {ergonomic}
     bool UseCompressedClassPointers               = true                                 {lp64_product} {ergonomic}
     bool UseCompressedOops                        = true                                 {lp64_product} {ergonomic}
     bool UseG1GC                                  = true                                      {product} {ergonomic}
     bool UseLargePagesIndividualAllocation        = false                                  {pd product} {ergonomic}

Logging:
Log output configuration:
 #0: stdout all=warning uptime,level,tags
 #1: stderr all=off uptime,level,tags

Environment Variables:
PATH=C:\WINDOWS\system32;C:\WINDOWS;C:\WINDOWS\System32\Wbem;C:\WINDOWS\System32\WindowsPowerShell\v1.0\;C:\WINDOWS\System32\OpenSSH\;C:\Program Files\Git\cmd;C:\xampp\php;C:\ProgramData\ComposerSetup\bin;C:\Program Files\nodejs\;C:\Users\Mario\AppData\Local\Programs\Python\Python310\Scripts\;C:\Users\Mario\AppData\Local\Programs\Python\Python310\;C:\Users\Mario\AppData\Local\Microsoft\WindowsApps;C:\Users\Mario\AppData\Local\Programs\Microsoft VS Code\bin;C:\Users\Mario\AppData\Local\gitkraken\bin;C:\Users\Mario\AppData\Roaming\Composer\vendor\bin;C:\Users\Mario\AppData\Roaming\npm
USERNAME=Mario
OS=Windows_NT
PROCESSOR_IDENTIFIER=Intel64 Family 6 Model 42 Stepping 7, GenuineIntel



---------------  S Y S T E M  ---------------

OS: Windows 10 , 64 bit Build 19041 (10.0.19041.1202)

CPU:total 4 (initial active 4) (2 cores per cpu, 2 threads per core) family 6 model 42 stepping 7, cmov, cx8, fxsr, mmx, sse, sse2, sse3, ssse3, sse4.1, sse4.2, popcnt, avx, clmul, ht, tsc, tscinvbit

Memory: 4k page, system-wide physical 7781M (1608M free)
TotalPageFile size 16636M (AvailPageFile size 2M)
current process WorkingSet (physical memory assigned to process): 22M, peak: 22M
current process commit charge ("private bytes"): 186M, peak: 188M

vm_info: Java HotSpot(TM) 64-Bit Server VM (12.0.1+12) for windows-amd64 JRE (12.0.1+12), built on Apr  2 2019 14:02:19 by "mach5one" with MS VC++ 15.5 (VS2017)

END.
