#
# There is insufficient memory for the Java Runtime Environment to continue.
# Native memory allocation (malloc) failed to allocate 668336 bytes for Chunk::new
# Possible reasons:
#   The system is out of physical RAM or swap space
#   The process is running with CompressedOops enabled, and the Java Heap may be blocking the growth of the native heap
# Possible solutions:
#   Reduce memory load on the system
#   Increase physical memory or swap space
#   Check if swap backing store is full
#   Decrease Java heap size (-Xmx/-Xms)
#   Decrease number of Java threads
#   Decrease Java thread stack sizes (-Xss)
#   Set larger code cache with -XX:ReservedCodeCacheSize=
#   JVM is running with Unscaled Compressed Oops mode in which the Java heap is
#     placed in the first 4GB address space. The Java Heap base address is the
#     maximum limit for the native heap growth. Please use -XX:HeapBaseMinAddress
#     to set the Java Heap base and to place the Java Heap above 4GB virtual address.
# This output file may be truncated or incomplete.
#
#  Out of Memory Error (t:/workspace/open/src/hotspot/share/memory/arena.cpp:197), pid=15636, tid=15624
#
# JRE version: Java(TM) SE Runtime Environment (12.0.1+12) (build 12.0.1+12)
# Java VM: Java HotSpot(TM) 64-Bit Server VM (12.0.1+12, mixed mode, sharing, tiered, compressed oops, g1 gc, windows-amd64)
# No core dump will be written. Minidumps are not enabled by default on client versions of Windows
#

---------------  S U M M A R Y ------------

Command Line: --module-path=lib\javafx-sdk-11.0.2\lib --add-modules=javafx.controls,javafx.fxml App

Host: Intel(R) Core(TM) i3-2350M CPU @ 2.30GHz, 4 cores, 7G,  Windows 10 , 64 bit Build 19041 (10.0.19041.1202)
Time: Mon Jul 11 14:20:46 2022 Hora est. Pacífico, Sudamérica elapsed time: 0 seconds (0d 0h 0m 0s)

---------------  T H R E A D  ---------------

Current thread (0x000002466fed4000):  JavaThread "C2 CompilerThread1" daemon [_thread_in_native, id=15624, stack(0x00000057bde00000,0x00000057bdf00000)]


Current CompileTask:
C2:    510  296       4       java.util.stream.ReferencePipeline$3$1::accept (23 bytes)

Stack: [0x00000057bde00000,0x00000057bdf00000]
Native frames: (J=compiled Java code, j=interpreted, Vv=VM code, C=native code)
V  [jvm.dll+0x63948a]
V  [jvm.dll+0x78b31f]
V  [jvm.dll+0x78c9c1]
V  [jvm.dll+0x78d013]
V  [jvm.dll+0x262138]
V  [jvm.dll+0xc582c]
V  [jvm.dll+0xc5dac]
V  [jvm.dll+0x2d3854]
V  [jvm.dll+0x55596d]
V  [jvm.dll+0x21da85]
V  [jvm.dll+0x21b0e6]
V  [jvm.dll+0x199890]
V  [jvm.dll+0x22a534]
V  [jvm.dll+0x228b88]
V  [jvm.dll+0x74f660]
V  [jvm.dll+0x748648]
V  [jvm.dll+0x638566]
C  [ucrtbase.dll+0x21bb2]
C  [KERNEL32.DLL+0x17034]
C  [ntdll.dll+0x52651]


---------------  P R O C E S S  ---------------

Threads class SMR info:
_java_thread_list=0x00000246703139a0, length=11, elements={
0x000002464f2d3800, 0x000002466f35a000, 0x000002466f35b800, 0x000002466f378800,
0x000002466f379800, 0x000002466f37c800, 0x000002466f37f800, 0x000002466fd28800,
0x000002464f3b0800, 0x000002466fed4000, 0x0000024670659000
}

Java Threads: ( => current thread )
  0x000002464f2d3800 JavaThread "main" [_thread_in_vm, id=4000, stack(0x00000057bcf00000,0x00000057bd000000)]
  0x000002466f35a000 JavaThread "Reference Handler" daemon [_thread_blocked, id=9272, stack(0x00000057bd600000,0x00000057bd700000)]
  0x000002466f35b800 JavaThread "Finalizer" daemon [_thread_blocked, id=4804, stack(0x00000057bd700000,0x00000057bd800000)]
  0x000002466f378800 JavaThread "Signal Dispatcher" daemon [_thread_blocked, id=15232, stack(0x00000057bd800000,0x00000057bd900000)]
  0x000002466f379800 JavaThread "Attach Listener" daemon [_thread_blocked, id=11512, stack(0x00000057bd900000,0x00000057bda00000)]
  0x000002466f37c800 JavaThread "C2 CompilerThread0" daemon [_thread_in_native, id=3024, stack(0x00000057bda00000,0x00000057bdb00000)]
  0x000002466f37f800 JavaThread "C1 CompilerThread0" daemon [_thread_blocked, id=19572, stack(0x00000057bdb00000,0x00000057bdc00000)]
  0x000002466fd28800 JavaThread "Sweeper thread" daemon [_thread_blocked, id=9896, stack(0x00000057bdc00000,0x00000057bdd00000)]
  0x000002464f3b0800 JavaThread "Common-Cleaner" daemon [_thread_blocked, id=4460, stack(0x00000057bdd00000,0x00000057bde00000)]
=>0x000002466fed4000 JavaThread "C2 CompilerThread1" daemon [_thread_in_native, id=15624, stack(0x00000057bde00000,0x00000057bdf00000)]
  0x0000024670659000 JavaThread "Service Thread" daemon [_thread_blocked, id=19636, stack(0x00000057bdf00000,0x00000057be000000)]

Other Threads:
  0x000002464f3be000 VMThread "VM Thread" [stack: 0x00000057bd500000,0x00000057bd600000] [id=7644]
  0x000002466ff03800 WatcherThread [stack: 0x00000057be000000,0x00000057be100000] [id=19024]
  0x000002464f313800 GCTaskThread "GC Thread#0" [stack: 0x00000057bd000000,0x00000057bd100000] [id=9468]
  0x000002464f321800 ConcurrentGCThread "G1 Main Marker" [stack: 0x00000057bd100000,0x00000057bd200000] [id=11280]
  0x000002464f326000 ConcurrentGCThread "G1 Conc#0" [stack: 0x00000057bd200000,0x00000057bd300000] [id=11192]
  0x000002464f3a3000 ConcurrentGCThread "G1 Refine#0" [stack: 0x00000057bd300000,0x00000057bd400000] [id=1972]
  0x000002464f3a4000 ConcurrentGCThread "G1 Young RemSet Sampling" [stack: 0x00000057bd400000,0x00000057bd500000] [id=3528]

Threads with active compile tasks:
C2 CompilerThread0   306       4       java.util.HashSet::add (20 bytes)
C2 CompilerThread1   296       4       java.util.stream.ReferencePipeline$3$1::accept (23 bytes)

VM state:not at safepoint (normal execution)

VM Mutex/Monitor currently owned by a thread: None

Heap address: 0x0000000086600000, size: 1946 MB, Compressed Oops mode: 32-bit
Narrow klass base: 0x0000000800000000, Narrow klass shift: 3
Compressed class space size: 1073741824 Address: 0x00000008011a0000

Heap:
 garbage-first heap   total 124928K, used 6144K [0x0000000086600000, 0x0000000100000000)
  region size 1024K, 8 young (8192K), 0 survivors (0K)
 Metaspace       used 1119K, capacity 4803K, committed 4864K, reserved 1056768K
  class space    used 119K, capacity 476K, committed 512K, reserved 1048576K
Heap Regions: E=young(eden), S=young(survivor), O=old, HS=humongous(starts), HC=humongous(continues), CS=collection set, F=free, A=archive, TAMS=top-at-mark-start (previous, next)
|   0|0x0000000086600000, 0x0000000086600000, 0x0000000086700000|  0%| F|  |TAMS 0x0000000086600000, 0x0000000086600000| Untracked 
|   1|0x0000000086700000, 0x0000000086700000, 0x0000000086800000|  0%| F|  |TAMS 0x0000000086700000, 0x0000000086700000| Untracked 
|   2|0x0000000086800000, 0x0000000086800000, 0x0000000086900000|  0%| F|  |TAMS 0x0000000086800000, 0x0000000086800000| Untracked 
|   3|0x0000000086900000, 0x0000000086900000, 0x0000000086a00000|  0%| F|  |TAMS 0x0000000086900000, 0x0000000086900000| Untracked 
|   4|0x0000000086a00000, 0x0000000086a00000, 0x0000000086b00000|  0%| F|  |TAMS 0x0000000086a00000, 0x0000000086a00000| Untracked 
|   5|0x0000000086b00000, 0x0000000086b00000, 0x0000000086c00000|  0%| F|  |TAMS 0x0000000086b00000, 0x0000000086b00000| Untracked 
|   6|0x0000000086c00000, 0x0000000086c00000, 0x0000000086d00000|  0%| F|  |TAMS 0x0000000086c00000, 0x0000000086c00000| Untracked 
|   7|0x0000000086d00000, 0x0000000086d00000, 0x0000000086e00000|  0%| F|  |TAMS 0x0000000086d00000, 0x0000000086d00000| Untracked 
|   8|0x0000000086e00000, 0x0000000086e00000, 0x0000000086f00000|  0%| F|  |TAMS 0x0000000086e00000, 0x0000000086e00000| Untracked 
|   9|0x0000000086f00000, 0x0000000086f00000, 0x0000000087000000|  0%| F|  |TAMS 0x0000000086f00000, 0x0000000086f00000| Untracked 
|  10|0x0000000087000000, 0x0000000087000000, 0x0000000087100000|  0%| F|  |TAMS 0x0000000087000000, 0x0000000087000000| Untracked 
|  11|0x0000000087100000, 0x0000000087100000, 0x0000000087200000|  0%| F|  |TAMS 0x0000000087100000, 0x0000000087100000| Untracked 
|  12|0x0000000087200000, 0x0000000087200000, 0x0000000087300000|  0%| F|  |TAMS 0x0000000087200000, 0x0000000087200000| Untracked 
|  13|0x0000000087300000, 0x0000000087300000, 0x0000000087400000|  0%| F|  |TAMS 0x0000000087300000, 0x0000000087300000| Untracked 
|  14|0x0000000087400000, 0x0000000087400000, 0x0000000087500000|  0%| F|  |TAMS 0x0000000087400000, 0x0000000087400000| Untracked 
|  15|0x0000000087500000, 0x0000000087500000, 0x0000000087600000|  0%| F|  |TAMS 0x0000000087500000, 0x0000000087500000| Untracked 
|  16|0x0000000087600000, 0x0000000087600000, 0x0000000087700000|  0%| F|  |TAMS 0x0000000087600000, 0x0000000087600000| Untracked 
|  17|0x0000000087700000, 0x0000000087700000, 0x0000000087800000|  0%| F|  |TAMS 0x0000000087700000, 0x0000000087700000| Untracked 
|  18|0x0000000087800000, 0x0000000087800000, 0x0000000087900000|  0%| F|  |TAMS 0x0000000087800000, 0x0000000087800000| Untracked 
|  19|0x0000000087900000, 0x0000000087900000, 0x0000000087a00000|  0%| F|  |TAMS 0x0000000087900000, 0x0000000087900000| Untracked 
|  20|0x0000000087a00000, 0x0000000087a00000, 0x0000000087b00000|  0%| F|  |TAMS 0x0000000087a00000, 0x0000000087a00000| Untracked 
|  21|0x0000000087b00000, 0x0000000087b00000, 0x0000000087c00000|  0%| F|  |TAMS 0x0000000087b00000, 0x0000000087b00000| Untracked 
|  22|0x0000000087c00000, 0x0000000087c00000, 0x0000000087d00000|  0%| F|  |TAMS 0x0000000087c00000, 0x0000000087c00000| Untracked 
|  23|0x0000000087d00000, 0x0000000087d00000, 0x0000000087e00000|  0%| F|  |TAMS 0x0000000087d00000, 0x0000000087d00000| Untracked 
|  24|0x0000000087e00000, 0x0000000087e00000, 0x0000000087f00000|  0%| F|  |TAMS 0x0000000087e00000, 0x0000000087e00000| Untracked 
|  25|0x0000000087f00000, 0x0000000087f00000, 0x0000000088000000|  0%| F|  |TAMS 0x0000000087f00000, 0x0000000087f00000| Untracked 
|  26|0x0000000088000000, 0x0000000088000000, 0x0000000088100000|  0%| F|  |TAMS 0x0000000088000000, 0x0000000088000000| Untracked 
|  27|0x0000000088100000, 0x0000000088100000, 0x0000000088200000|  0%| F|  |TAMS 0x0000000088100000, 0x0000000088100000| Untracked 
|  28|0x0000000088200000, 0x0000000088200000, 0x0000000088300000|  0%| F|  |TAMS 0x0000000088200000, 0x0000000088200000| Untracked 
|  29|0x0000000088300000, 0x0000000088300000, 0x0000000088400000|  0%| F|  |TAMS 0x0000000088300000, 0x0000000088300000| Untracked 
|  30|0x0000000088400000, 0x0000000088400000, 0x0000000088500000|  0%| F|  |TAMS 0x0000000088400000, 0x0000000088400000| Untracked 
|  31|0x0000000088500000, 0x0000000088500000, 0x0000000088600000|  0%| F|  |TAMS 0x0000000088500000, 0x0000000088500000| Untracked 
|  32|0x0000000088600000, 0x0000000088600000, 0x0000000088700000|  0%| F|  |TAMS 0x0000000088600000, 0x0000000088600000| Untracked 
|  33|0x0000000088700000, 0x0000000088700000, 0x0000000088800000|  0%| F|  |TAMS 0x0000000088700000, 0x0000000088700000| Untracked 
|  34|0x0000000088800000, 0x0000000088800000, 0x0000000088900000|  0%| F|  |TAMS 0x0000000088800000, 0x0000000088800000| Untracked 
|  35|0x0000000088900000, 0x0000000088900000, 0x0000000088a00000|  0%| F|  |TAMS 0x0000000088900000, 0x0000000088900000| Untracked 
|  36|0x0000000088a00000, 0x0000000088a00000, 0x0000000088b00000|  0%| F|  |TAMS 0x0000000088a00000, 0x0000000088a00000| Untracked 
|  37|0x0000000088b00000, 0x0000000088b00000, 0x0000000088c00000|  0%| F|  |TAMS 0x0000000088b00000, 0x0000000088b00000| Untracked 
|  38|0x0000000088c00000, 0x0000000088c00000, 0x0000000088d00000|  0%| F|  |TAMS 0x0000000088c00000, 0x0000000088c00000| Untracked 
|  39|0x0000000088d00000, 0x0000000088d00000, 0x0000000088e00000|  0%| F|  |TAMS 0x0000000088d00000, 0x0000000088d00000| Untracked 
|  40|0x0000000088e00000, 0x0000000088e00000, 0x0000000088f00000|  0%| F|  |TAMS 0x0000000088e00000, 0x0000000088e00000| Untracked 
|  41|0x0000000088f00000, 0x0000000088f00000, 0x0000000089000000|  0%| F|  |TAMS 0x0000000088f00000, 0x0000000088f00000| Untracked 
|  42|0x0000000089000000, 0x0000000089000000, 0x0000000089100000|  0%| F|  |TAMS 0x0000000089000000, 0x0000000089000000| Untracked 
|  43|0x0000000089100000, 0x0000000089100000, 0x0000000089200000|  0%| F|  |TAMS 0x0000000089100000, 0x0000000089100000| Untracked 
|  44|0x0000000089200000, 0x0000000089200000, 0x0000000089300000|  0%| F|  |TAMS 0x0000000089200000, 0x0000000089200000| Untracked 
|  45|0x0000000089300000, 0x0000000089300000, 0x0000000089400000|  0%| F|  |TAMS 0x0000000089300000, 0x0000000089300000| Untracked 
|  46|0x0000000089400000, 0x0000000089400000, 0x0000000089500000|  0%| F|  |TAMS 0x0000000089400000, 0x0000000089400000| Untracked 
|  47|0x0000000089500000, 0x0000000089500000, 0x0000000089600000|  0%| F|  |TAMS 0x0000000089500000, 0x0000000089500000| Untracked 
|  48|0x0000000089600000, 0x0000000089600000, 0x0000000089700000|  0%| F|  |TAMS 0x0000000089600000, 0x0000000089600000| Untracked 
|  49|0x0000000089700000, 0x0000000089700000, 0x0000000089800000|  0%| F|  |TAMS 0x0000000089700000, 0x0000000089700000| Untracked 
|  50|0x0000000089800000, 0x0000000089800000, 0x0000000089900000|  0%| F|  |TAMS 0x0000000089800000, 0x0000000089800000| Untracked 
|  51|0x0000000089900000, 0x0000000089900000, 0x0000000089a00000|  0%| F|  |TAMS 0x0000000089900000, 0x0000000089900000| Untracked 
|  52|0x0000000089a00000, 0x0000000089a00000, 0x0000000089b00000|  0%| F|  |TAMS 0x0000000089a00000, 0x0000000089a00000| Untracked 
|  53|0x0000000089b00000, 0x0000000089b00000, 0x0000000089c00000|  0%| F|  |TAMS 0x0000000089b00000, 0x0000000089b00000| Untracked 
|  54|0x0000000089c00000, 0x0000000089c00000, 0x0000000089d00000|  0%| F|  |TAMS 0x0000000089c00000, 0x0000000089c00000| Untracked 
|  55|0x0000000089d00000, 0x0000000089d00000, 0x0000000089e00000|  0%| F|  |TAMS 0x0000000089d00000, 0x0000000089d00000| Untracked 
|  56|0x0000000089e00000, 0x0000000089e00000, 0x0000000089f00000|  0%| F|  |TAMS 0x0000000089e00000, 0x0000000089e00000| Untracked 
|  57|0x0000000089f00000, 0x0000000089f00000, 0x000000008a000000|  0%| F|  |TAMS 0x0000000089f00000, 0x0000000089f00000| Untracked 
|  58|0x000000008a000000, 0x000000008a000000, 0x000000008a100000|  0%| F|  |TAMS 0x000000008a000000, 0x000000008a000000| Untracked 
|  59|0x000000008a100000, 0x000000008a100000, 0x000000008a200000|  0%| F|  |TAMS 0x000000008a100000, 0x000000008a100000| Untracked 
|  60|0x000000008a200000, 0x000000008a200000, 0x000000008a300000|  0%| F|  |TAMS 0x000000008a200000, 0x000000008a200000| Untracked 
|  61|0x000000008a300000, 0x000000008a300000, 0x000000008a400000|  0%| F|  |TAMS 0x000000008a300000, 0x000000008a300000| Untracked 
|  62|0x000000008a400000, 0x000000008a400000, 0x000000008a500000|  0%| F|  |TAMS 0x000000008a400000, 0x000000008a400000| Untracked 
|  63|0x000000008a500000, 0x000000008a500000, 0x000000008a600000|  0%| F|  |TAMS 0x000000008a500000, 0x000000008a500000| Untracked 
|  64|0x000000008a600000, 0x000000008a600000, 0x000000008a700000|  0%| F|  |TAMS 0x000000008a600000, 0x000000008a600000| Untracked 
|  65|0x000000008a700000, 0x000000008a700000, 0x000000008a800000|  0%| F|  |TAMS 0x000000008a700000, 0x000000008a700000| Untracked 
|  66|0x000000008a800000, 0x000000008a800000, 0x000000008a900000|  0%| F|  |TAMS 0x000000008a800000, 0x000000008a800000| Untracked 
|  67|0x000000008a900000, 0x000000008a900000, 0x000000008aa00000|  0%| F|  |TAMS 0x000000008a900000, 0x000000008a900000| Untracked 
|  68|0x000000008aa00000, 0x000000008aa00000, 0x000000008ab00000|  0%| F|  |TAMS 0x000000008aa00000, 0x000000008aa00000| Untracked 
|  69|0x000000008ab00000, 0x000000008ab00000, 0x000000008ac00000|  0%| F|  |TAMS 0x000000008ab00000, 0x000000008ab00000| Untracked 
|  70|0x000000008ac00000, 0x000000008ac00000, 0x000000008ad00000|  0%| F|  |TAMS 0x000000008ac00000, 0x000000008ac00000| Untracked 
|  71|0x000000008ad00000, 0x000000008ad00000, 0x000000008ae00000|  0%| F|  |TAMS 0x000000008ad00000, 0x000000008ad00000| Untracked 
|  72|0x000000008ae00000, 0x000000008ae00000, 0x000000008af00000|  0%| F|  |TAMS 0x000000008ae00000, 0x000000008ae00000| Untracked 
|  73|0x000000008af00000, 0x000000008af00000, 0x000000008b000000|  0%| F|  |TAMS 0x000000008af00000, 0x000000008af00000| Untracked 
|  74|0x000000008b000000, 0x000000008b000000, 0x000000008b100000|  0%| F|  |TAMS 0x000000008b000000, 0x000000008b000000| Untracked 
|  75|0x000000008b100000, 0x000000008b100000, 0x000000008b200000|  0%| F|  |TAMS 0x000000008b100000, 0x000000008b100000| Untracked 
|  76|0x000000008b200000, 0x000000008b200000, 0x000000008b300000|  0%| F|  |TAMS 0x000000008b200000, 0x000000008b200000| Untracked 
|  77|0x000000008b300000, 0x000000008b300000, 0x000000008b400000|  0%| F|  |TAMS 0x000000008b300000, 0x000000008b300000| Untracked 
|  78|0x000000008b400000, 0x000000008b400000, 0x000000008b500000|  0%| F|  |TAMS 0x000000008b400000, 0x000000008b400000| Untracked 
|  79|0x000000008b500000, 0x000000008b500000, 0x000000008b600000|  0%| F|  |TAMS 0x000000008b500000, 0x000000008b500000| Untracked 
|  80|0x000000008b600000, 0x000000008b600000, 0x000000008b700000|  0%| F|  |TAMS 0x000000008b600000, 0x000000008b600000| Untracked 
|  81|0x000000008b700000, 0x000000008b700000, 0x000000008b800000|  0%| F|  |TAMS 0x000000008b700000, 0x000000008b700000| Untracked 
|  82|0x000000008b800000, 0x000000008b800000, 0x000000008b900000|  0%| F|  |TAMS 0x000000008b800000, 0x000000008b800000| Untracked 
|  83|0x000000008b900000, 0x000000008b900000, 0x000000008ba00000|  0%| F|  |TAMS 0x000000008b900000, 0x000000008b900000| Untracked 
|  84|0x000000008ba00000, 0x000000008ba00000, 0x000000008bb00000|  0%| F|  |TAMS 0x000000008ba00000, 0x000000008ba00000| Untracked 
|  85|0x000000008bb00000, 0x000000008bb00000, 0x000000008bc00000|  0%| F|  |TAMS 0x000000008bb00000, 0x000000008bb00000| Untracked 
|  86|0x000000008bc00000, 0x000000008bc00000, 0x000000008bd00000|  0%| F|  |TAMS 0x000000008bc00000, 0x000000008bc00000| Untracked 
|  87|0x000000008bd00000, 0x000000008bd00000, 0x000000008be00000|  0%| F|  |TAMS 0x000000008bd00000, 0x000000008bd00000| Untracked 
|  88|0x000000008be00000, 0x000000008be00000, 0x000000008bf00000|  0%| F|  |TAMS 0x000000008be00000, 0x000000008be00000| Untracked 
|  89|0x000000008bf00000, 0x000000008bf00000, 0x000000008c000000|  0%| F|  |TAMS 0x000000008bf00000, 0x000000008bf00000| Untracked 
|  90|0x000000008c000000, 0x000000008c000000, 0x000000008c100000|  0%| F|  |TAMS 0x000000008c000000, 0x000000008c000000| Untracked 
|  91|0x000000008c100000, 0x000000008c100000, 0x000000008c200000|  0%| F|  |TAMS 0x000000008c100000, 0x000000008c100000| Untracked 
|  92|0x000000008c200000, 0x000000008c200000, 0x000000008c300000|  0%| F|  |TAMS 0x000000008c200000, 0x000000008c200000| Untracked 
|  93|0x000000008c300000, 0x000000008c300000, 0x000000008c400000|  0%| F|  |TAMS 0x000000008c300000, 0x000000008c300000| Untracked 
|  94|0x000000008c400000, 0x000000008c400000, 0x000000008c500000|  0%| F|  |TAMS 0x000000008c400000, 0x000000008c400000| Untracked 
|  95|0x000000008c500000, 0x000000008c500000, 0x000000008c600000|  0%| F|  |TAMS 0x000000008c500000, 0x000000008c500000| Untracked 
|  96|0x000000008c600000, 0x000000008c600000, 0x000000008c700000|  0%| F|  |TAMS 0x000000008c600000, 0x000000008c600000| Untracked 
|  97|0x000000008c700000, 0x000000008c700000, 0x000000008c800000|  0%| F|  |TAMS 0x000000008c700000, 0x000000008c700000| Untracked 
|  98|0x000000008c800000, 0x000000008c800000, 0x000000008c900000|  0%| F|  |TAMS 0x000000008c800000, 0x000000008c800000| Untracked 
|  99|0x000000008c900000, 0x000000008c900000, 0x000000008ca00000|  0%| F|  |TAMS 0x000000008c900000, 0x000000008c900000| Untracked 
| 100|0x000000008ca00000, 0x000000008ca00000, 0x000000008cb00000|  0%| F|  |TAMS 0x000000008ca00000, 0x000000008ca00000| Untracked 
| 101|0x000000008cb00000, 0x000000008cb00000, 0x000000008cc00000|  0%| F|  |TAMS 0x000000008cb00000, 0x000000008cb00000| Untracked 
| 102|0x000000008cc00000, 0x000000008cc00000, 0x000000008cd00000|  0%| F|  |TAMS 0x000000008cc00000, 0x000000008cc00000| Untracked 
| 103|0x000000008cd00000, 0x000000008cd00000, 0x000000008ce00000|  0%| F|  |TAMS 0x000000008cd00000, 0x000000008cd00000| Untracked 
| 104|0x000000008ce00000, 0x000000008ce00000, 0x000000008cf00000|  0%| F|  |TAMS 0x000000008ce00000, 0x000000008ce00000| Untracked 
| 105|0x000000008cf00000, 0x000000008cf00000, 0x000000008d000000|  0%| F|  |TAMS 0x000000008cf00000, 0x000000008cf00000| Untracked 
| 106|0x000000008d000000, 0x000000008d000000, 0x000000008d100000|  0%| F|  |TAMS 0x000000008d000000, 0x000000008d000000| Untracked 
| 107|0x000000008d100000, 0x000000008d100000, 0x000000008d200000|  0%| F|  |TAMS 0x000000008d100000, 0x000000008d100000| Untracked 
| 108|0x000000008d200000, 0x000000008d200000, 0x000000008d300000|  0%| F|  |TAMS 0x000000008d200000, 0x000000008d200000| Untracked 
| 109|0x000000008d300000, 0x000000008d300000, 0x000000008d400000|  0%| F|  |TAMS 0x000000008d300000, 0x000000008d300000| Untracked 
| 110|0x000000008d400000, 0x000000008d400000, 0x000000008d500000|  0%| F|  |TAMS 0x000000008d400000, 0x000000008d400000| Untracked 
| 111|0x000000008d500000, 0x000000008d500000, 0x000000008d600000|  0%| F|  |TAMS 0x000000008d500000, 0x000000008d500000| Untracked 
| 112|0x000000008d600000, 0x000000008d600000, 0x000000008d700000|  0%| F|  |TAMS 0x000000008d600000, 0x000000008d600000| Untracked 
| 113|0x000000008d700000, 0x000000008d700000, 0x000000008d800000|  0%| F|  |TAMS 0x000000008d700000, 0x000000008d700000| Untracked 
| 114|0x000000008d800000, 0x000000008d8dd5b0, 0x000000008d900000| 86%| E|  |TAMS 0x000000008d800000, 0x000000008d800000| Complete 
| 115|0x000000008d900000, 0x000000008da00000, 0x000000008da00000|100%| E|  |TAMS 0x000000008d900000, 0x000000008d900000| Complete 
| 116|0x000000008da00000, 0x000000008db00000, 0x000000008db00000|100%| E|CS|TAMS 0x000000008da00000, 0x000000008da00000| Complete 
| 117|0x000000008db00000, 0x000000008dc00000, 0x000000008dc00000|100%| E|CS|TAMS 0x000000008db00000, 0x000000008db00000| Complete 
| 118|0x000000008dc00000, 0x000000008dd00000, 0x000000008dd00000|100%| E|CS|TAMS 0x000000008dc00000, 0x000000008dc00000| Complete 
| 119|0x000000008dd00000, 0x000000008de00000, 0x000000008de00000|100%| E|CS|TAMS 0x000000008dd00000, 0x000000008dd00000| Complete 
| 120|0x000000008de00000, 0x000000008df00000, 0x000000008df00000|100%| E|CS|TAMS 0x000000008de00000, 0x000000008de00000| Complete 
| 121|0x000000008df00000, 0x000000008e000000, 0x000000008e000000|100%| E|CS|TAMS 0x000000008df00000, 0x000000008df00000| Complete 

Card table byte_map: [0x00000246688c0000,0x0000024668c90000] _byte_map_base: 0x000002466848d000

Marking Bits (Prev, Next): (CMBitMap*) 0x000002464f315768, (CMBitMap*) 0x000002464f3157a8
 Prev Bits: [0x0000024669060000, 0x000002466aec8000)
 Next Bits: [0x000002466aed0000, 0x000002466cd38000)

Polling page: 0x000002464f0e0000

Metaspace:

Usage:
  Non-class:      4.23 MB capacity,     1.01 MB ( 24%) used,     3.21 MB ( 76%) free+waste,     6.25 KB ( <1%) overhead. 
      Class:    476.00 KB capacity,   127.71 KB ( 27%) used,   344.66 KB ( 72%) free+waste,     3.63 KB ( <1%) overhead. 
       Both:      4.69 MB capacity,     1.13 MB ( 24%) used,     3.55 MB ( 76%) free+waste,     9.88 KB ( <1%) overhead. 

Virtual space:
  Non-class space:        8.00 MB reserved,       4.25 MB ( 53%) committed 
      Class space:        1.00 GB reserved,     512.00 KB ( <1%) committed 
             Both:        1.01 GB reserved,       4.75 MB ( <1%) committed 

Chunk freelists:
   Non-Class:  3.13 KB
       Class:  512 bytes
        Both:  3.63 KB

CodeHeap 'non-profiled nmethods': size=120064Kb used=135Kb max_used=135Kb free=119928Kb
 bounds [0x0000024660980000, 0x0000024660bf0000, 0x0000024667ec0000]
CodeHeap 'profiled nmethods': size=120000Kb used=596Kb max_used=596Kb free=119403Kb
 bounds [0x0000024659450000, 0x00000246596c0000, 0x0000024660980000]
CodeHeap 'non-nmethods': size=5696Kb used=1075Kb max_used=1093Kb free=4621Kb
 bounds [0x0000024658ec0000, 0x0000024659130000, 0x0000024659450000]
 total_blobs=874 nmethods=410 adapters=267
 compilation: enabled
              stopped_count=0, restarted_count=0
 full_count=0

Compilation events (10 events):
Event: 0.498 Thread 0x000002466f37f800  395       1       java.lang.Module::getDescriptor (5 bytes)
Event: 0.498 Thread 0x000002466f37f800 nmethod 395 0x000002466099d010 code [0x000002466099d1c0, 0x000002466099d2f8]
Event: 0.499 Thread 0x000002466f37f800  398       3       java.lang.System::getSecurityManager (12 bytes)
Event: 0.500 Thread 0x000002466f37f800 nmethod 398 0x00000246594e0710 code [0x00000246594e08e0, 0x00000246594e0ab8]
Event: 0.500 Thread 0x000002466f37f800  399       3       java.lang.System::allowSecurityManager (13 bytes)
Event: 0.500 Thread 0x000002466f37f800 nmethod 399 0x00000246594e0b90 code [0x00000246594e0d40, 0x00000246594e0e98]
Event: 0.501 Thread 0x000002466f37f800  400       3       java.lang.StringLatin1::lastIndexOf (40 bytes)
Event: 0.502 Thread 0x000002466f37f800 nmethod 400 0x00000246594e0f10 code [0x00000246594e1100, 0x00000246594e1518]
Event: 0.503 Thread 0x000002466f37f800  401       3       java.lang.String::charAt (25 bytes)
Event: 0.503 Thread 0x000002466f37f800 nmethod 401 0x00000246594e1690 code [0x00000246594e18a0, 0x00000246594e1e40]

GC Heap History (0 events):
No events

Deoptimization events (5 events):
Event: 0.344 Thread 0x000002464f2d3800 Uncommon trap: reason=unstable_if action=reinterpret pc=0x000002466098e9b0 method=java.lang.CharacterDataLatin1.isJavaIdentifierPart(I)Z @ 11 c2
Event: 0.455 Thread 0x000002464f2d3800 Uncommon trap: reason=unstable_if action=reinterpret pc=0x00000246609970e0 method=java.util.HashMap.putVal(ILjava/lang/Object;Ljava/lang/Object;ZZ)Ljava/lang/Object; @ 81 c2
Event: 0.464 Thread 0x000002464f2d3800 Uncommon trap: reason=unstable_if action=reinterpret pc=0x0000024660993018 method=java.util.ImmutableCollections$SetN.probe(Ljava/lang/Object;)I @ 34 c2
Event: 0.501 Thread 0x000002464f2d3800 Uncommon trap: reason=unstable_if action=reinterpret pc=0x00000246609853a0 method=java.lang.String.isLatin1()Z @ 10 c2
Event: 0.502 Thread 0x000002464f2d3800 Uncommon trap: reason=unstable_if action=reinterpret pc=0x0000024660995018 method=java.lang.String.substring(II)Ljava/lang/String; @ 22 c2

Classes redefined (0 events):
No events

Internal exceptions (3 events):
Event: 0.238 Thread 0x000002464f2d3800 Exception <a 'sun/nio/fs/WindowsException'{0x000000008de1bf98}> (0x000000008de1bf98) thrown at [t:/workspace/open/src/hotspot/share/prims/jni.cpp, line 615]
Event: 0.238 Thread 0x000002464f2d3800 Exception <a 'sun/nio/fs/WindowsException'{0x000000008de1c450}> (0x000000008de1c450) thrown at [t:/workspace/open/src/hotspot/share/prims/jni.cpp, line 615]
Event: 0.260 Thread 0x000002464f2d3800 Exception <a 'java/lang/NoSuchMethodError'{0x000000008de3c940}: java.lang.invoke.DirectMethodHandle$Holder.invokeSpecialIFC(Ljava/lang/Object;Ljava/lang/Object;I)I> (0x000000008de3c940) thrown at [t:/workspace/open/src/hotspot/share/interpreter/linkResolv

Events (10 events):
Event: 0.506 loading class jdk/internal/module/ModuleReferences$SafeCloseModuleReader done
Event: 0.506 loading class jdk/internal/module/ModuleReferences$JarModuleReader done
Event: 0.506 loading class java/util/concurrent/locks/ReentrantReadWriteLock
Event: 0.506 loading class java/util/concurrent/locks/ReadWriteLock
Event: 0.506 loading class java/util/concurrent/locks/ReadWriteLock done
Event: 0.506 loading class java/util/concurrent/locks/ReentrantReadWriteLock done
Event: 0.506 loading class java/util/concurrent/locks/ReentrantReadWriteLock$NonfairSync
Event: 0.506 loading class java/util/concurrent/locks/ReentrantReadWriteLock$Sync
Event: 0.506 loading class java/util/concurrent/locks/ReentrantReadWriteLock$Sync done
Event: 0.506 loading class java/util/concurrent/locks/ReentrantReadWriteLock$NonfairSync done


Dynamic libraries:
0x00007ff723a20000 - 0x00007ff723a2f000 	C:\Program Files\Java\jdk-12.0.1\bin\java.exe
0x00007ffae05b0000 - 0x00007ffae07a5000 	C:\WINDOWS\SYSTEM32\ntdll.dll
0x00007ffadf750000 - 0x00007ffadf80e000 	C:\WINDOWS\System32\KERNEL32.DLL
0x00007ffadde20000 - 0x00007ffade0e9000 	C:\WINDOWS\System32\KERNELBASE.dll
0x00007ffade4a0000 - 0x00007ffade5a0000 	C:\WINDOWS\System32\ucrtbase.dll
0x00007ffac99a0000 - 0x00007ffac99b8000 	C:\Program Files\Java\jdk-12.0.1\bin\jli.dll
0x00007ffadfd40000 - 0x00007ffadfdec000 	C:\WINDOWS\System32\ADVAPI32.dll
0x00007ffadfe80000 - 0x00007ffadff1e000 	C:\WINDOWS\System32\msvcrt.dll
0x00007ffac95d0000 - 0x00007ffac95e6000 	C:\Program Files\Java\jdk-12.0.1\bin\VCRUNTIME140.dll
0x00007ffade660000 - 0x00007ffade6fb000 	C:\WINDOWS\System32\sechost.dll
0x00007ffadeae0000 - 0x00007ffadec0a000 	C:\WINDOWS\System32\RPCRT4.dll
0x00007ffadf980000 - 0x00007ffadfb21000 	C:\WINDOWS\System32\USER32.dll
0x00007ffade5d0000 - 0x00007ffade5f2000 	C:\WINDOWS\System32\win32u.dll
0x00007ffacc240000 - 0x00007ffacc4da000 	C:\WINDOWS\WinSxS\amd64_microsoft.windows.common-controls_6595b64144ccf1df_6.0.19041.1110_none_60b5254171f9507e\COMCTL32.dll
0x00007ffadf810000 - 0x00007ffadf83b000 	C:\WINDOWS\System32\GDI32.dll
0x00007ffade2e0000 - 0x00007ffade3eb000 	C:\WINDOWS\System32\gdi32full.dll
0x00007ffaddcd0000 - 0x00007ffaddd6d000 	C:\WINDOWS\System32\msvcp_win.dll
0x00007ffac2a50000 - 0x00007ffac2a5a000 	C:\WINDOWS\SYSTEM32\VERSION.dll
0x00007ffadfe50000 - 0x00007ffadfe80000 	C:\WINDOWS\System32\IMM32.DLL
0x00007ffabb9e0000 - 0x00007ffabba8a000 	C:\Program Files\Java\jdk-12.0.1\bin\msvcp140.dll
0x00007ffa98ef0000 - 0x00007ffa99a64000 	C:\Program Files\Java\jdk-12.0.1\bin\server\jvm.dll
0x00007ffadf410000 - 0x00007ffadf418000 	C:\WINDOWS\System32\PSAPI.DLL
0x00007ffad8240000 - 0x00007ffad8249000 	C:\WINDOWS\SYSTEM32\WSOCK32.dll
0x00007ffadff40000 - 0x00007ffadffab000 	C:\WINDOWS\System32\WS2_32.dll
0x00007ffacfe00000 - 0x00007ffacfe27000 	C:\WINDOWS\SYSTEM32\WINMM.dll
0x00007ffadc550000 - 0x00007ffadc562000 	C:\WINDOWS\SYSTEM32\kernel.appcore.dll
0x00007ffac74b0000 - 0x00007ffac74c1000 	C:\Program Files\Java\jdk-12.0.1\bin\verify.dll
0x00007ffad15a0000 - 0x00007ffad1784000 	C:\WINDOWS\SYSTEM32\DBGHELP.DLL
0x00007ffad1570000 - 0x00007ffad159c000 	C:\WINDOWS\SYSTEM32\dbgcore.DLL
0x00007ffade250000 - 0x00007ffade2d3000 	C:\WINDOWS\System32\bcryptPrimitives.dll
0x00007ffac47f0000 - 0x00007ffac4816000 	C:\Program Files\Java\jdk-12.0.1\bin\java.dll
0x00007ffac7490000 - 0x00007ffac74a7000 	C:\Program Files\Java\jdk-12.0.1\bin\zip.dll
0x00007ffad4cf0000 - 0x00007ffad4cfa000 	C:\Program Files\Java\jdk-12.0.1\bin\jimage.dll
0x00007ffadec10000 - 0x00007ffadf34f000 	C:\WINDOWS\System32\SHELL32.dll
0x00007ffadbc00000 - 0x00007ffadc390000 	C:\WINDOWS\SYSTEM32\windows.storage.dll
0x00007ffade700000 - 0x00007ffadea55000 	C:\WINDOWS\System32\combase.dll
0x00007ffadd720000 - 0x00007ffadd74c000 	C:\WINDOWS\SYSTEM32\Wldp.dll
0x00007ffadf360000 - 0x00007ffadf40e000 	C:\WINDOWS\System32\SHCORE.dll
0x00007ffadfdf0000 - 0x00007ffadfe45000 	C:\WINDOWS\System32\shlwapi.dll
0x00007ffaddc10000 - 0x00007ffaddc2f000 	C:\WINDOWS\SYSTEM32\profapi.dll
0x00007ffac3b90000 - 0x00007ffac3ba9000 	C:\Program Files\Java\jdk-12.0.1\bin\net.dll
0x00007ffad2570000 - 0x00007ffad275b000 	C:\WINDOWS\SYSTEM32\urlmon.dll
0x00007ffad1d90000 - 0x00007ffad1e98000 	C:\WINDOWS\SYSTEM32\WINHTTP.dll
0x00007ffad2290000 - 0x00007ffad2540000 	C:\WINDOWS\SYSTEM32\iertutil.dll
0x00007ffad2540000 - 0x00007ffad2568000 	C:\WINDOWS\SYSTEM32\srvcli.dll
0x00007ffadd160000 - 0x00007ffadd16c000 	C:\WINDOWS\SYSTEM32\netutils.dll
0x00007ffadd480000 - 0x00007ffadd4ea000 	C:\WINDOWS\system32\mswsock.dll
0x00007ffac0e40000 - 0x00007ffac0e53000 	C:\Program Files\Java\jdk-12.0.1\bin\nio.dll

dbghelp: loaded successfully - version: 4.0.5 - missing functions: none
symbol engine: initialized successfully - sym options: 0x614 - pdb path: .;C:\Program Files\Java\jdk-12.0.1\bin;C:\WINDOWS\SYSTEM32;C:\WINDOWS\WinSxS\amd64_microsoft.windows.common-controls_6595b64144ccf1df_6.0.19041.1110_none_60b5254171f9507e;C:\Program Files\Java\jdk-12.0.1\bin\server

VM Arguments:
jvm_args: --module-path=lib\javafx-sdk-11.0.2\lib --add-modules=javafx.controls,javafx.fxml 
java_command: App
java_class_path (initial): E:\Proyecto_Kangu\kangu\bin;e:\Proyecto_Kangu\kangu\lib\javafx-sdk-11.0.2\lib\javafx.controls.jar;e:\Proyecto_Kangu\kangu\lib\javafx-sdk-11.0.2\lib\javafx.swing.jar;e:\Proyecto_Kangu\kangu\lib\javafx-sdk-11.0.2\lib\javafx.media.jar;e:\Proyecto_Kangu\kangu\lib\javafx-sdk-11.0.2\lib\javafx.fxml.jar;e:\Proyecto_Kangu\kangu\lib\commons-codec-20041127.091804.jar;e:\Proyecto_Kangu\kangu\lib\javafx-sdk-11.0.2\lib\javafx.web.jar;e:\Proyecto_Kangu\kangu\lib\javafx-sdk-11.0.2\lib\javafx-swt.jar;e:\Proyecto_Kangu\kangu\lib\javafx-sdk-11.0.2\lib\javafx.base.jar;e:\Proyecto_Kangu\kangu\lib\javafx-sdk-11.0.2\lib\javafx.graphics.jar;e:\Proyecto_Kangu\kangu\lib\mysql-connector-java-5.1.49-bin.jar
Launcher Type: SUN_STANDARD

[Global flags]
     intx CICompilerCount                          = 3                                         {product} {ergonomic}
     uint ConcGCThreads                            = 1                                         {product} {ergonomic}
     uint G1ConcRefinementThreads                  = 4                                         {product} {ergonomic}
   size_t G1HeapRegionSize                         = 1048576                                   {product} {ergonomic}
    uintx GCDrainStackTargetSize                   = 64                                        {product} {ergonomic}
   size_t InitialHeapSize                          = 127926272                                 {product} {ergonomic}
   size_t MarkStackSize                            = 4194304                                   {product} {ergonomic}
   size_t MaxHeapSize                              = 2040528896                                {product} {ergonomic}
   size_t MaxNewSize                               = 1223688192                                {product} {ergonomic}
   size_t MinHeapDeltaBytes                        = 1048576                                   {product} {ergonomic}
    uintx NonNMethodCodeHeapSize                   = 5830732                                {pd product} {ergonomic}
    uintx NonProfiledCodeHeapSize                  = 122913754                              {pd product} {ergonomic}
    uintx ProfiledCodeHeapSize                     = 122913754                              {pd product} {ergonomic}
    uintx ReservedCodeCacheSize                    = 251658240                              {pd product} {ergonomic}
     bool SegmentedCodeCache                       = true                                      {product} {ergonomic}
     bool UseCompressedClassPointers               = true                                 {lp64_product} {ergonomic}
     bool UseCompressedOops                        = true                                 {lp64_product} {ergonomic}
     bool UseG1GC                                  = true                                      {product} {ergonomic}
     bool UseLargePagesIndividualAllocation        = false                                  {pd product} {ergonomic}

Logging:
Log output configuration:
 #0: stdout all=warning uptime,level,tags
 #1: stderr all=off uptime,level,tags

Environment Variables:
PATH=C:\WINDOWS\system32;C:\WINDOWS;C:\WINDOWS\System32\Wbem;C:\WINDOWS\System32\WindowsPowerShell\v1.0\;C:\WINDOWS\System32\OpenSSH\;C:\Program Files\Git\cmd;C:\xampp\php;C:\ProgramData\ComposerSetup\bin;C:\Program Files\nodejs\;C:\Users\Mario\AppData\Local\Programs\Python\Python310\Scripts\;C:\Users\Mario\AppData\Local\Programs\Python\Python310\;C:\Users\Mario\AppData\Local\Microsoft\WindowsApps;C:\Users\Mario\AppData\Local\Programs\Microsoft VS Code\bin;C:\Users\Mario\AppData\Local\gitkraken\bin;C:\Users\Mario\AppData\Roaming\Composer\vendor\bin;C:\Users\Mario\AppData\Roaming\npm
USERNAME=Mario
OS=Windows_NT
PROCESSOR_IDENTIFIER=Intel64 Family 6 Model 42 Stepping 7, GenuineIntel



---------------  S Y S T E M  ---------------

OS: Windows 10 , 64 bit Build 19041 (10.0.19041.1202)

CPU:total 4 (initial active 4) (2 cores per cpu, 2 threads per core) family 6 model 42 stepping 7, cmov, cx8, fxsr, mmx, sse, sse2, sse3, ssse3, sse4.1, sse4.2, popcnt, avx, clmul, ht, tsc, tscinvbit

Memory: 4k page, system-wide physical 7781M (2647M free)
TotalPageFile size 16636M (AvailPageFile size 3M)
current process WorkingSet (physical memory assigned to process): 52M, peak: 52M
current process commit charge ("private bytes"): 205M, peak: 205M

vm_info: Java HotSpot(TM) 64-Bit Server VM (12.0.1+12) for windows-amd64 JRE (12.0.1+12), built on Apr  2 2019 14:02:19 by "mach5one" with MS VC++ 15.5 (VS2017)

END.
